1712500711440: /about Req Recieved
1712500711517: /favicon.ico Req Recieved
1712500716832: / Req Recieved
1712500716952: /favicon.ico Req Recieved
1715405223804: /about Req Recieved
1715405224109: /favicon.ico Req Recieved
1715405229359: / Req Recieved
1715405229455: /favicon.ico Req Recieved
1715405235665: /dasd Req Recieved
1715405235755: /favicon.ico Req Recieved
1715406726453: /favicon.ico Req Recieved
1715435019196: /favicon.ico Req Recieved
1715437623956: /dasd Req Recieved
1715437624196: /favicon.ico Req Recieved
1715446060604: /dasd Req Recieved
1715446060684: /favicon.ico Req Recieved
1715446065445: /about Req Recieved
1715446076614: /about?q=abc&r=xyz Req Recieved
1715446076671: /favicon.ico Req Recieved
1715446160154: /about?q=abc&r=xyz Req Recieved
1715446167890: /about?q=abc&r=xyz Req Recieved
1715446190436: /about?q=abc&r=xyz Req Recieved
1715446197629: /about?q=abc&r=xyz Req Recieved
1715446300487: /about?q=abc&r=xyz Req Recieved
1715446952888: /about?q=abc&r=xyz Req Recieved
1715447014588: /about?q=abc&r=xyz Req Recieved
1715447109172: /about?q=abc&r=xyz Req Recieved
